app/build/intermediates/manifest_merge_blame_file/debug/manifest-merger-blame-debug-report.txt
1<?xml version="1.0" encoding="utf-8"?>
2<manifest xmlns:android="http://schemas.android.com/apk/res/android"
3    package="com.example.rickandmorty"
4    android:versionCode="1"
5    android:versionName="1.0.1" >
6
7    <uses-sdk
8        android:minSdkVersion="21"
8-->src/main/AndroidManifest.xml
9        android:targetSdkVersion="32" />
9-->src/main/AndroidManifest.xml
10
11    <uses-permission android:name="android.permission.ACCESS_NETWORK_STATE" />
11-->src/main/AndroidManifest.xml:5:5-79
11-->src/main/AndroidManifest.xml:5:22-76
12    <uses-permission android:name="android.permission.INTERNET" />
12-->src/main/AndroidManifest.xml:6:5-67
12-->src/main/AndroidManifest.xml:6:22-64
13
14    <uses-feature
14-->[com.google.android.gms:play-services-maps:16.0.0] AndroidManifest.xml:26:5-28:35
15        android:glEsVersion="0x00020000"
15-->[com.google.android.gms:play-services-maps:16.0.0] AndroidManifest.xml:27:9-41
16        android:required="true" /> <!-- Optional permission for Analytics to run. -->
16-->[com.google.android.gms:play-services-maps:16.0.0] AndroidManifest.xml:28:9-32
17    <uses-permission android:name="android.permission.WAKE_LOCK" />
17-->[com.google.android.gms:play-services-analytics:16.0.8] AndroidManifest.xml:27:5-68
17-->[com.google.android.gms:play-services-analytics:16.0.8] AndroidManifest.xml:27:22-65
18
19    <application
19-->src/main/AndroidManifest.xml:8:5-35:19
20        android:name="com.flickrSearch.image.MainApplication"
20-->src/main/AndroidManifest.xml:9:9-62
21        android:allowBackup="true"
21-->src/main/AndroidManifest.xml:10:9-35
22        android:appComponentFactory="androidx.core.app.CoreComponentFactory"
22-->[androidx.core:core:1.5.0] AndroidManifest.xml:24:18-86
23        android:debuggable="true"
24        android:icon="@mipmap/ic_launcher"
24-->src/main/AndroidManifest.xml:11:9-43
25        android:label="@string/app_name"
25-->src/main/AndroidManifest.xml:12:9-41
26        android:preserveLegacyExternalStorage="true"
26-->src/main/AndroidManifest.xml:13:9-53
27        android:requestLegacyExternalStorage="true"
27-->src/main/AndroidManifest.xml:14:9-52
28        android:roundIcon="@mipmap/ic_launcher"
28-->src/main/AndroidManifest.xml:15:9-48
29        android:supportsRtl="true"
29-->src/main/AndroidManifest.xml:16:9-35
30        android:testOnly="true"
31        android:theme="@style/AppTheme"
31-->src/main/AndroidManifest.xml:17:9-40
32        android:usesCleartextTraffic="true" >
32-->src/main/AndroidManifest.xml:18:9-44
33        <activity
33-->src/main/AndroidManifest.xml:19:9-21:40
34            android:name="com.flickrSearch.image.presentration.activities.MainActivity"
34-->src/main/AndroidManifest.xml:20:13-88
35            android:exported="false" />
35-->src/main/AndroidManifest.xml:21:13-37
36        <activity
36-->src/main/AndroidManifest.xml:22:9-30:20
37            android:name="com.flickrSearch.image.presentration.activities.SplashActivity"
37-->src/main/AndroidManifest.xml:23:13-90
38            android:exported="true" >
38-->src/main/AndroidManifest.xml:24:13-36
39            <intent-filter>
39-->src/main/AndroidManifest.xml:25:13-29:29
40                <action android:name="android.intent.action.MAIN" />
40-->src/main/AndroidManifest.xml:26:17-69
40-->src/main/AndroidManifest.xml:26:25-66
41
42                <category android:name="android.intent.category.LAUNCHER" />
42-->src/main/AndroidManifest.xml:28:17-77
42-->src/main/AndroidManifest.xml:28:27-74
43            </intent-filter>
44        </activity>
45
46        <uses-library
46-->src/main/AndroidManifest.xml:32:9-34:40
47            android:name="org.apache.http.legacy"
47-->src/main/AndroidManifest.xml:33:13-50
48            android:required="false" />
48-->src/main/AndroidManifest.xml:34:13-37
49
50        <receiver
50-->[com.google.android.gms:play-services-analytics:16.0.8] AndroidManifest.xml:30:9-34:20
51            android:name="com.google.android.gms.analytics.AnalyticsReceiver"
51-->[com.google.android.gms:play-services-analytics:16.0.8] AndroidManifest.xml:31:13-78
52            android:enabled="true"
52-->[com.google.android.gms:play-services-analytics:16.0.8] AndroidManifest.xml:32:13-35
53            android:exported="false" >
53-->[com.google.android.gms:play-services-analytics:16.0.8] AndroidManifest.xml:33:13-37
54        </receiver>
55
56        <service
56-->[com.google.android.gms:play-services-analytics:16.0.8] AndroidManifest.xml:36:9-39:40
57            android:name="com.google.android.gms.analytics.AnalyticsService"
57-->[com.google.android.gms:play-services-analytics:16.0.8] AndroidManifest.xml:37:13-77
58            android:enabled="true"
58-->[com.google.android.gms:play-services-analytics:16.0.8] AndroidManifest.xml:38:13-35
59            android:exported="false" />
59-->[com.google.android.gms:play-services-analytics:16.0.8] AndroidManifest.xml:39:13-37
60        <service
60-->[com.google.android.gms:play-services-analytics:16.0.8] AndroidManifest.xml:40:9-44:72
61            android:name="com.google.android.gms.analytics.AnalyticsJobService"
61-->[com.google.android.gms:play-services-analytics:16.0.8] AndroidManifest.xml:41:13-80
62            android:enabled="true"
62-->[com.google.android.gms:play-services-analytics:16.0.8] AndroidManifest.xml:42:13-35
63            android:exported="false"
63-->[com.google.android.gms:play-services-analytics:16.0.8] AndroidManifest.xml:43:13-37
64            android:permission="android.permission.BIND_JOB_SERVICE" />
64-->[com.google.android.gms:play-services-analytics:16.0.8] AndroidManifest.xml:44:13-69
65
66        <activity
66-->[com.google.android.gms:play-services-base:16.0.1] AndroidManifest.xml:23:9-26:75
67            android:name="com.google.android.gms.common.api.GoogleApiActivity"
67-->[com.google.android.gms:play-services-base:16.0.1] AndroidManifest.xml:24:13-79
68            android:exported="false"
68-->[com.google.android.gms:play-services-base:16.0.1] AndroidManifest.xml:25:13-37
69            android:theme="@android:style/Theme.Translucent.NoTitleBar" />
69-->[com.google.android.gms:play-services-base:16.0.1] AndroidManifest.xml:26:13-72
70
71        <meta-data
71-->[com.google.android.gms:play-services-basement:16.0.1] AndroidManifest.xml:23:9-25:69
72            android:name="com.google.android.gms.version"
72-->[com.google.android.gms:play-services-basement:16.0.1] AndroidManifest.xml:24:13-58
73            android:value="@integer/google_play_services_version" />
73-->[com.google.android.gms:play-services-basement:16.0.1] AndroidManifest.xml:25:13-66
74
75        <service
75-->[androidx.room:room-runtime:2.3.0] AndroidManifest.xml:25:9-28:40
76            android:name="androidx.room.MultiInstanceInvalidationService"
76-->[androidx.room:room-runtime:2.3.0] AndroidManifest.xml:26:13-74
77            android:directBootAware="true"
77-->[androidx.room:room-runtime:2.3.0] AndroidManifest.xml:27:13-43
78            android:exported="false" />
78-->[androidx.room:room-runtime:2.3.0] AndroidManifest.xml:28:13-37
79
80        <provider
80-->[com.squareup.picasso:picasso:2.8] AndroidManifest.xml:8:9-11:40
81            android:name="com.squareup.picasso.PicassoProvider"
81-->[com.squareup.picasso:picasso:2.8] AndroidManifest.xml:9:13-64
82            android:authorities="com.example.rickandmorty.com.squareup.picasso"
82-->[com.squareup.picasso:picasso:2.8] AndroidManifest.xml:10:13-72
83            android:exported="false" />
83-->[com.squareup.picasso:picasso:2.8] AndroidManifest.xml:11:13-37
84        <provider
84-->[androidx.lifecycle:lifecycle-process:2.2.0] AndroidManifest.xml:25:9-29:43
85            android:name="androidx.lifecycle.ProcessLifecycleOwnerInitializer"
85-->[androidx.lifecycle:lifecycle-process:2.2.0] AndroidManifest.xml:26:13-79
86            android:authorities="com.example.rickandmorty.lifecycle-process"
86-->[androidx.lifecycle:lifecycle-process:2.2.0] AndroidManifest.xml:27:13-69
87            android:exported="false"
87-->[androidx.lifecycle:lifecycle-process:2.2.0] AndroidManifest.xml:28:13-37
88            android:multiprocess="true" />
88-->[androidx.lifecycle:lifecycle-process:2.2.0] AndroidManifest.xml:29:13-40
89    </application>
90
91</manifest>